0 info it worked if it ends with ok
1 verbose cli [ '/usr/local/bin/node', '/usr/local/bin/npm', 'run', 'server' ]
2 info using npm@3.10.10
3 info using node@v6.11.1
4 verbose run-script [ 'preserver', 'server', 'postserver' ]
5 info lifecycle turin@1.0.0~preserver: turin@1.0.0
6 silly lifecycle turin@1.0.0~preserver: no script for preserver, continuing
7 info lifecycle turin@1.0.0~server: turin@1.0.0
8 verbose lifecycle turin@1.0.0~server: unsafe-perm in lifecycle true
9 verbose lifecycle turin@1.0.0~server: PATH: /usr/local/lib/node_modules/npm/bin/node-gyp-bin:/Users/elsa/workspace/turin/node_modules/.bin:/Users/elsa/workspace/turin/node_modules/.bin:/Users/elsa/.config/yarn/link/node_modules/.bin:/Users/elsa/workspace/turin/node_modules/.bin:/Users/elsa/.config/yarn/link/node_modules/.bin:/usr/local/lib/node_modules/npm/bin/node-gyp-bin:/usr/local/bin/node_modules/npm/bin/node-gyp-bin:/usr/local/Cellar/mongodb/3.4.6/bin:/usr/local/bin:/usr/bin:/bin:/usr/sbin:/sbin:/Applications/Wireshark.app/Contents/MacOS:/usr/local/Cellar/mongodb/3.4.6/bin
10 verbose lifecycle turin@1.0.0~server: CWD: /Users/elsa/workspace/turin
11 silly lifecycle turin@1.0.0~server: Args: [ '-c',
11 silly lifecycle   'webpack-dev-server --progress --colors --config ./config/webpack.dev.ts' ]
12 silly lifecycle turin@1.0.0~server: Returned: code: 1  signal: null
13 info lifecycle turin@1.0.0~server: Failed to exec server script
14 verbose stack Error: turin@1.0.0 server: `webpack-dev-server --progress --colors --config ./config/webpack.dev.ts`
14 verbose stack Exit status 1
14 verbose stack     at EventEmitter.<anonymous> (/usr/local/lib/node_modules/npm/lib/utils/lifecycle.js:255:16)
14 verbose stack     at emitTwo (events.js:106:13)
14 verbose stack     at EventEmitter.emit (events.js:191:7)
14 verbose stack     at ChildProcess.<anonymous> (/usr/local/lib/node_modules/npm/lib/utils/spawn.js:40:14)
14 verbose stack     at emitTwo (events.js:106:13)
14 verbose stack     at ChildProcess.emit (events.js:191:7)
14 verbose stack     at maybeClose (internal/child_process.js:891:16)
14 verbose stack     at Process.ChildProcess._handle.onexit (internal/child_process.js:226:5)
15 verbose pkgid turin@1.0.0
16 verbose cwd /Users/elsa/workspace/turin
17 error Darwin 16.7.0
18 error argv "/usr/local/bin/node" "/usr/local/bin/npm" "run" "server"
19 error node v6.11.1
20 error npm  v3.10.10
21 error code ELIFECYCLE
22 error turin@1.0.0 server: `webpack-dev-server --progress --colors --config ./config/webpack.dev.ts`
22 error Exit status 1
23 error Failed at the turin@1.0.0 server script 'webpack-dev-server --progress --colors --config ./config/webpack.dev.ts'.
23 error Make sure you have the latest version of node.js and npm installed.
23 error If you do, this is most likely a problem with the turin package,
23 error not with npm itself.
23 error Tell the author that this fails on your system:
23 error     webpack-dev-server --progress --colors --config ./config/webpack.dev.ts
23 error You can get information on how to open an issue for this project with:
23 error     npm bugs turin
23 error Or if that isn't available, you can get their info via:
23 error     npm owner ls turin
23 error There is likely additional logging output above.
24 verbose exit [ 1, true ]
